<?xml version="1.0" encoding="UTF-8"?>
<testsuites name="MTPAPI_chop1" time="214.633" tests="1" failures="0" errors="0">
   <testsuite name="MTPAPI_chop1" tests="1" failures="0" errors="0" time="214.633" skipped="0" timestamp="2023-06-22 09:54:58" hostname="lollal - host.docker.internal" id="Test Suites/MTPAPI_chop1">
      <properties>
[...]
</properties>
      <testcase name="Test Cases/MTP_1" time="214.366" classname="Test Cases/MTP_1" status="PASSED">
         <system-out><![CDATA[2023-06-22 09:54:58 - [TEST_CASE][PASSED] - Test Cases/MTP_1: Test Cases/MTP_1

2023-06-22 09:54:59 - [TEST_STEP][PASSED] - openBrowser(""): Browser is opened with url: ''

2023-06-22 09:54:59 - [MESSAGE][INFO] - Starting 'Chrome (headless)' driver

2023-06-22 09:54:59 - [MESSAGE][INFO] - User set preference: ['goog:chromeOptions', '{arg=--ignore-certificate-errors}']

2023-06-22 09:54:59 - [MESSAGE][INFO] - User set preference: ['acceptInsecureCerts', 'true']

2023-06-22 09:54:59 - [MESSAGE][INFO] - Action delay is set to 5,000 milliseconds

2023-06-22 09:55:01 - [MESSAGE][PASSED] - Browser is opened with url: ''

2023-06-22 09:55:01 - [TEST_STEP][PASSED] - maximizeWindow(): Current window maximized

2023-06-22 09:55:01 - [MESSAGE][PASSED] - Current window maximized

2023-06-22 09:55:01 - [TEST_STEP][PASSED] - setViewPortSize(1779, 790): Viewport is set to new size with width = 1779 and height = 790

2023-06-22 09:55:02 - [MESSAGE][PASSED] - Viewport is set to new size with width = 1779 and height = 790

2023-06-22 09:55:02 - [TEST_STEP][PASSED] - td = findTestData("MolecularTargetApI"): null

2023-06-22 09:55:02 - [TEST_STEP][PASSED] - for ([i = 1, i <= td.getRowNumbers(), (i++)]): Taking screenshot successfully

2023-06-22 09:55:02 - [TEST_STEP][PASSED] - url = td.getObjectValue("host", i) + td.getObjectValue("suffixUrl", i): null

2023-06-22 09:55:02 - [TEST_STEP][PASSED] - navigateToUrl(url): Navigate to 'https://openpedcan-api-qa.d3b.io/dge/top-gene-disease-gtex-diff-exp/plot?efoId=EFO_0000693&rankGenesBy=cgc_pmtl_gene_up_reg_rank&includeBoxplot=false&boxplotYAxisScale=log10' successfully

2023-06-22 09:55:13 - [MESSAGE][PASSED] - Navigate to 'https://openpedcan-api-qa.d3b.io/dge/top-gene-disease-gtex-diff-exp/plot?efoId=EFO_0000693&rankGenesBy=cgc_pmtl_gene_up_reg_rank&includeBoxplot=false&boxplotYAxisScale=log10' successfully

2023-06-22 09:55:13 - [TEST_STEP][PASSED] - Thread.sleep(5000): null

2023-06-22 09:55:18 - [TEST_STEP][PASSED] - takeFullPageScreenshotAsCheckpoint(td.getObjectValue("testName", i)): Taking screenshot successfully

2023-06-22 09:55:19 - [MESSAGE][INFO] - 0 hidden object(s)

2023-06-22 09:55:19 - [MESSAGE][PASSED] - Taking screenshot successfully
[[ATTACHMENT|keyes\keyes-disease_EFO_0000693_top_gene_disease_gtex_diff_exp_cgc_pmtl_gene_up_reg_rank_box_false.png]]

2023-06-22 09:55:19 - [TEST_STEP][PASSED] - url = td.getObjectValue("host", i) + td.getObjectValue("suffixUrl", i): null

2023-06-22 09:55:19 - [TEST_STEP][PASSED] - navigateToUrl(url): Navigate to 'https://openpedcan-api-qa.d3b.io/dge/top-gene-disease-gtex-diff-exp/plot?efoId=EFO_0000760&rankGenesBy=cgc_pmtl_gene_up_reg_rank&includeBoxplot=false&boxplotYAxisScale=log10' successfully

2023-06-22 09:55:25 - [MESSAGE][PASSED] - Navigate to 'https://openpedcan-api-qa.d3b.io/dge/top-gene-disease-gtex-diff-exp/plot?efoId=EFO_0000760&rankGenesBy=cgc_pmtl_gene_up_reg_rank&includeBoxplot=false&boxplotYAxisScale=log10' successfully

2023-06-22 09:55:25 - [TEST_STEP][PASSED] - Thread.sleep(5000): null

2023-06-22 09:55:30 - [TEST_STEP][PASSED] - takeFullPageScreenshotAsCheckpoint(td.getObjectValue("testName", i)): Taking screenshot successfully

2023-06-22 09:55:30 - [MESSAGE][INFO] - 0 hidden object(s)

2023-06-22 09:55:30 - [MESSAGE][PASSED] - Taking screenshot successfully
[[ATTACHMENT|keyes\keyes-disease_EFO_0000760_top_gene_disease_gtex_diff_exp_cgc_pmtl_gene_up_reg_rank_box_false.png]]

2023-06-22 09:55:30 - [TEST_STEP][PASSED] - url = td.getObjectValue("host", i) + td.getObjectValue("suffixUrl", i): null

2023-06-22 09:55:30 - [TEST_STEP][PASSED] - navigateToUrl(url): Navigate to 'https://openpedcan-api-qa.d3b.io/dge/top-gene-disease-gtex-diff-exp/plot?efoId=EFO_0002918&rankGenesBy=cgc_pmtl_gene_up_reg_rank&includeBoxplot=false&boxplotYAxisScale=log10' successfully

2023-06-22 09:55:35 - [MESSAGE][PASSED] - Navigate to 'https://openpedcan-api-qa.d3b.io/dge/top-gene-disease-gtex-diff-exp/plot?efoId=EFO_0002918&rankGenesBy=cgc_pmtl_gene_up_reg_rank&includeBoxplot=false&boxplotYAxisScale=log10' successfully

2023-06-22 09:55:35 - [TEST_STEP][PASSED] - Thread.sleep(5000): null

2023-06-22 09:55:40 - [TEST_STEP][PASSED] - takeFullPageScreenshotAsCheckpoint(td.getObjectValue("testName", i)): Taking screenshot successfully

2023-06-22 09:55:41 - [MESSAGE][INFO] - 0 hidden object(s)

2023-06-22 09:55:41 - [MESSAGE][PASSED] - Taking screenshot successfully
[[ATTACHMENT|keyes\keyes-disease_EFO_0002918_top_gene_disease_gtex_diff_exp_cgc_pmtl_gene_up_reg_rank_box_false.png]]

2023-06-22 09:55:41 - [TEST_STEP][PASSED] - url = td.getObjectValue("host", i) + td.getObjectValue("suffixUrl", i): null

2023-06-22 09:55:41 - [TEST_STEP][PASSED] - navigateToUrl(url): Navigate to 'https://openpedcan-api-qa.d3b.io/dge/top-gene-disease-gtex-diff-exp/plot?efoId=EFO_0002939&rankGenesBy=cgc_pmtl_gene_up_reg_rank&includeBoxplot=false&boxplotYAxisScale=log10' successfully

2023-06-22 09:55:51 - [MESSAGE][PASSED] - Navigate to 'https://openpedcan-api-qa.d3b.io/dge/top-gene-disease-gtex-diff-exp/plot?efoId=EFO_0002939&rankGenesBy=cgc_pmtl_gene_up_reg_rank&includeBoxplot=false&boxplotYAxisScale=log10' successfully

2023-06-22 09:55:51 - [TEST_STEP][PASSED] - Thread.sleep(5000): null

2023-06-22 09:55:56 - [TEST_STEP][PASSED] - takeFullPageScreenshotAsCheckpoint(td.getObjectValue("testName", i)): Taking screenshot successfully

2023-06-22 09:55:57 - [MESSAGE][INFO] - 0 hidden object(s)

2023-06-22 09:55:57 - [MESSAGE][PASSED] - Taking screenshot successfully
[[ATTACHMENT|keyes\keyes-disease_EFO_0002939_top_gene_disease_gtex_diff_exp_cgc_pmtl_gene_up_reg_rank_box_false.png]]

2023-06-22 09:55:57 - [TEST_STEP][PASSED] - url = td.getObjectValue("host", i) + td.getObjectValue("suffixUrl", i): null

2023-06-22 09:55:57 - [TEST_STEP][PASSED] - navigateToUrl(url): Navigate to 'https://openpedcan-api-qa.d3b.io/dge/top-gene-disease-gtex-diff-exp/plot?efoId=EFO_0003094&rankGenesBy=cgc_pmtl_gene_up_reg_rank&includeBoxplot=false&boxplotYAxisScale=log10' successfully

2023-06-22 09:56:08 - [MESSAGE][PASSED] - Navigate to 'https://openpedcan-api-qa.d3b.io/dge/top-gene-disease-gtex-diff-exp/plot?efoId=EFO_0003094&rankGenesBy=cgc_pmtl_gene_up_reg_rank&includeBoxplot=false&boxplotYAxisScale=log10' successfully

2023-06-22 09:56:08 - [TEST_STEP][PASSED] - Thread.sleep(5000): null

2023-06-22 09:56:13 - [TEST_STEP][PASSED] - takeFullPageScreenshotAsCheckpoint(td.getObjectValue("testName", i)): Taking screenshot successfully

2023-06-22 09:56:14 - [MESSAGE][INFO] - 0 hidden object(s)

2023-06-22 09:56:14 - [MESSAGE][PASSED] - Taking screenshot successfully
[[ATTACHMENT|keyes\keyes-disease_EFO_0003094_top_gene_disease_gtex_diff_exp_cgc_pmtl_gene_up_reg_rank_box_false.png]]

2023-06-22 09:56:14 - [TEST_STEP][PASSED] - url = td.getObjectValue("host", i) + td.getObjectValue("suffixUrl", i): null

2023-06-22 09:56:14 - [TEST_STEP][PASSED] - navigateToUrl(url): Navigate to 'https://openpedcan-api-qa.d3b.io/dge/top-gene-disease-gtex-diff-exp/plot?efoId=EFO_0005543&rankGenesBy=cgc_pmtl_gene_up_reg_rank&includeBoxplot=false&boxplotYAxisScale=log10' successfully

2023-06-22 09:56:24 - [MESSAGE][PASSED] - Navigate to 'https://openpedcan-api-qa.d3b.io/dge/top-gene-disease-gtex-diff-exp/plot?efoId=EFO_0005543&rankGenesBy=cgc_pmtl_gene_up_reg_rank&includeBoxplot=false&boxplotYAxisScale=log10' successfully

2023-06-22 09:56:24 - [TEST_STEP][PASSED] - Thread.sleep(5000): null

2023-06-22 09:56:29 - [TEST_STEP][PASSED] - takeFullPageScreenshotAsCheckpoint(td.getObjectValue("testName", i)): Taking screenshot successfully

2023-06-22 09:56:30 - [MESSAGE][INFO] - 0 hidden object(s)

2023-06-22 09:56:30 - [MESSAGE][PASSED] - Taking screenshot successfully
[[ATTACHMENT|keyes\keyes-disease_EFO_0005543_top_gene_disease_gtex_diff_exp_cgc_pmtl_gene_up_reg_rank_box_false.png]]

2023-06-22 09:56:30 - [TEST_STEP][PASSED] - url = td.getObjectValue("host", i) + td.getObjectValue("suffixUrl", i): null

2023-06-22 09:56:30 - [TEST_STEP][PASSED] - navigateToUrl(url): Navigate to 'https://openpedcan-api-qa.d3b.io/dge/top-gene-disease-gtex-diff-exp/plot?efoId=EFO_0005551&rankGenesBy=cgc_pmtl_gene_up_reg_rank&includeBoxplot=false&boxplotYAxisScale=log10' successfully

2023-06-22 09:56:41 - [MESSAGE][PASSED] - Navigate to 'https://openpedcan-api-qa.d3b.io/dge/top-gene-disease-gtex-diff-exp/plot?efoId=EFO_0005551&rankGenesBy=cgc_pmtl_gene_up_reg_rank&includeBoxplot=false&boxplotYAxisScale=log10' successfully

2023-06-22 09:56:41 - [TEST_STEP][PASSED] - Thread.sleep(5000): null

2023-06-22 09:56:46 - [TEST_STEP][PASSED] - takeFullPageScreenshotAsCheckpoint(td.getObjectValue("testName", i)): Taking screenshot successfully

2023-06-22 09:56:47 - [MESSAGE][INFO] - 0 hidden object(s)

2023-06-22 09:56:47 - [MESSAGE][PASSED] - Taking screenshot successfully
[[ATTACHMENT|keyes\keyes-disease_EFO_0005551_top_gene_disease_gtex_diff_exp_cgc_pmtl_gene_up_reg_rank_box_false.png]]

2023-06-22 09:56:47 - [TEST_STEP][PASSED] - url = td.getObjectValue("host", i) + td.getObjectValue("suffixUrl", i): null

2023-06-22 09:56:47 - [TEST_STEP][PASSED] - navigateToUrl(url): Navigate to 'https://openpedcan-api-qa.d3b.io/dge/top-gene-disease-gtex-diff-exp/plot?efoId=EFO_0005784&rankGenesBy=cgc_pmtl_gene_up_reg_rank&includeBoxplot=false&boxplotYAxisScale=log10' successfully

2023-06-22 09:56:57 - [MESSAGE][PASSED] - Navigate to 'https://openpedcan-api-qa.d3b.io/dge/top-gene-disease-gtex-diff-exp/plot?efoId=EFO_0005784&rankGenesBy=cgc_pmtl_gene_up_reg_rank&includeBoxplot=false&boxplotYAxisScale=log10' successfully

2023-06-22 09:56:57 - [TEST_STEP][PASSED] - Thread.sleep(5000): null

2023-06-22 09:57:02 - [TEST_STEP][PASSED] - takeFullPageScreenshotAsCheckpoint(td.getObjectValue("testName", i)): Taking screenshot successfully

2023-06-22 09:57:03 - [MESSAGE][INFO] - 0 hidden object(s)

2023-06-22 09:57:03 - [MESSAGE][PASSED] - Taking screenshot successfully
[[ATTACHMENT|keyes\keyes-disease_EFO_0005784_top_gene_disease_gtex_diff_exp_cgc_pmtl_gene_up_reg_rank_box_false.png]]

2023-06-22 09:57:03 - [TEST_STEP][PASSED] - url = td.getObjectValue("host", i) + td.getObjectValue("suffixUrl", i): null

2023-06-22 09:57:03 - [TEST_STEP][PASSED] - navigateToUrl(url): Navigate to 'https://openpedcan-api-qa.d3b.io/dge/top-gene-disease-gtex-diff-exp/plot?efoId=EFO_0007206&rankGenesBy=cgc_pmtl_gene_up_reg_rank&includeBoxplot=false&boxplotYAxisScale=log10' successfully

2023-06-22 09:57:11 - [MESSAGE][PASSED] - Navigate to 'https://openpedcan-api-qa.d3b.io/dge/top-gene-disease-gtex-diff-exp/plot?efoId=EFO_0007206&rankGenesBy=cgc_pmtl_gene_up_reg_rank&includeBoxplot=false&boxplotYAxisScale=log10' successfully

2023-06-22 09:57:11 - [TEST_STEP][PASSED] - Thread.sleep(5000): null

2023-06-22 09:57:16 - [TEST_STEP][PASSED] - takeFullPageScreenshotAsCheckpoint(td.getObjectValue("testName", i)): Taking screenshot successfully

2023-06-22 09:57:17 - [MESSAGE][INFO] - 0 hidden object(s)

2023-06-22 09:57:17 - [MESSAGE][PASSED] - Taking screenshot successfully
[[ATTACHMENT|keyes\keyes-disease_EFO_0007206_top_gene_disease_gtex_diff_exp_cgc_pmtl_gene_up_reg_rank_box_false.png]]

2023-06-22 09:57:17 - [TEST_STEP][PASSED] - url = td.getObjectValue("host", i) + td.getObjectValue("suffixUrl", i): null

2023-06-22 09:57:17 - [TEST_STEP][PASSED] - navigateToUrl(url): Navigate to 'https://openpedcan-api-qa.d3b.io/dge/top-gene-disease-gtex-diff-exp/plot?efoId=EFO_0009812&rankGenesBy=cgc_pmtl_gene_up_reg_rank&includeBoxplot=false&boxplotYAxisScale=log10' successfully

2023-06-22 09:57:27 - [MESSAGE][PASSED] - Navigate to 'https://openpedcan-api-qa.d3b.io/dge/top-gene-disease-gtex-diff-exp/plot?efoId=EFO_0009812&rankGenesBy=cgc_pmtl_gene_up_reg_rank&includeBoxplot=false&boxplotYAxisScale=log10' successfully

2023-06-22 09:57:27 - [TEST_STEP][PASSED] - Thread.sleep(5000): null

2023-06-22 09:57:32 - [TEST_STEP][PASSED] - takeFullPageScreenshotAsCheckpoint(td.getObjectValue("testName", i)): Taking screenshot successfully

2023-06-22 09:57:32 - [MESSAGE][INFO] - 0 hidden object(s)

2023-06-22 09:57:32 - [MESSAGE][PASSED] - Taking screenshot successfully
[[ATTACHMENT|keyes\keyes-disease_EFO_0009812_top_gene_disease_gtex_diff_exp_cgc_pmtl_gene_up_reg_rank_box_false.png]]

2023-06-22 09:57:32 - [TEST_STEP][PASSED] - url = td.getObjectValue("host", i) + td.getObjectValue("suffixUrl", i): null

2023-06-22 09:57:32 - [TEST_STEP][PASSED] - navigateToUrl(url): Navigate to 'https://openpedcan-api-qa.d3b.io/dge/top-gene-disease-gtex-diff-exp/plot?efoId=EFO_1000026&rankGenesBy=cgc_pmtl_gene_up_reg_rank&includeBoxplot=false&boxplotYAxisScale=log10' successfully

2023-06-22 09:57:45 - [MESSAGE][PASSED] - Navigate to 'https://openpedcan-api-qa.d3b.io/dge/top-gene-disease-gtex-diff-exp/plot?efoId=EFO_1000026&rankGenesBy=cgc_pmtl_gene_up_reg_rank&includeBoxplot=false&boxplotYAxisScale=log10' successfully

2023-06-22 09:57:45 - [TEST_STEP][PASSED] - Thread.sleep(5000): null

2023-06-22 09:57:50 - [TEST_STEP][PASSED] - takeFullPageScreenshotAsCheckpoint(td.getObjectValue("testName", i)): Taking screenshot successfully

2023-06-22 09:57:50 - [MESSAGE][INFO] - 0 hidden object(s)

2023-06-22 09:57:50 - [MESSAGE][PASSED] - Taking screenshot successfully
[[ATTACHMENT|keyes\keyes-disease_EFO_1000026_top_gene_disease_gtex_diff_exp_cgc_pmtl_gene_up_reg_rank_box_false.png]]

2023-06-22 09:57:50 - [TEST_STEP][PASSED] - url = td.getObjectValue("host", i) + td.getObjectValue("suffixUrl", i): null

2023-06-22 09:57:50 - [TEST_STEP][PASSED] - navigateToUrl(url): Navigate to 'https://openpedcan-api-qa.d3b.io/dge/top-gene-disease-gtex-diff-exp/plot?efoId=EFO_1000028&rankGenesBy=cgc_pmtl_gene_up_reg_rank&includeBoxplot=false&boxplotYAxisScale=log10' successfully

2023-06-22 09:58:00 - [MESSAGE][PASSED] - Navigate to 'https://openpedcan-api-qa.d3b.io/dge/top-gene-disease-gtex-diff-exp/plot?efoId=EFO_1000028&rankGenesBy=cgc_pmtl_gene_up_reg_rank&includeBoxplot=false&boxplotYAxisScale=log10' successfully

2023-06-22 09:58:00 - [TEST_STEP][PASSED] - Thread.sleep(5000): null

2023-06-22 09:58:05 - [TEST_STEP][PASSED] - takeFullPageScreenshotAsCheckpoint(td.getObjectValue("testName", i)): Taking screenshot successfully

2023-06-22 09:58:05 - [MESSAGE][INFO] - 0 hidden object(s)

2023-06-22 09:58:06 - [MESSAGE][PASSED] - Taking screenshot successfully
[[ATTACHMENT|keyes\keyes-disease_EFO_1000028_top_gene_disease_gtex_diff_exp_cgc_pmtl_gene_up_reg_rank_box_false.png]]

2023-06-22 09:58:06 - [TEST_STEP][PASSED] - url = td.getObjectValue("host", i) + td.getObjectValue("suffixUrl", i): null

2023-06-22 09:58:06 - [TEST_STEP][PASSED] - navigateToUrl(url): Navigate to 'https://openpedcan-api-qa.d3b.io/dge/top-gene-disease-gtex-diff-exp/plot?efoId=EFO_1000069&rankGenesBy=cgc_pmtl_gene_up_reg_rank&includeBoxplot=false&boxplotYAxisScale=log10' successfully

2023-06-22 09:58:16 - [MESSAGE][PASSED] - Navigate to 'https://openpedcan-api-qa.d3b.io/dge/top-gene-disease-gtex-diff-exp/plot?efoId=EFO_1000069&rankGenesBy=cgc_pmtl_gene_up_reg_rank&includeBoxplot=false&boxplotYAxisScale=log10' successfully

2023-06-22 09:58:16 - [TEST_STEP][PASSED] - Thread.sleep(5000): null

2023-06-22 09:58:21 - [TEST_STEP][PASSED] - takeFullPageScreenshotAsCheckpoint(td.getObjectValue("testName", i)): Taking screenshot successfully

2023-06-22 09:58:21 - [MESSAGE][INFO] - 0 hidden object(s)

2023-06-22 09:58:21 - [MESSAGE][PASSED] - Taking screenshot successfully
[[ATTACHMENT|keyes\keyes-disease_EFO_1000069_top_gene_disease_gtex_diff_exp_cgc_pmtl_gene_up_reg_rank_box_false.png]]

2023-06-22 09:58:21 - [TEST_STEP][PASSED] - url = td.getObjectValue("host", i) + td.getObjectValue("suffixUrl", i): null

2023-06-22 09:58:21 - [TEST_STEP][PASSED] - navigateToUrl(url): Navigate to 'https://openpedcan-api-qa.d3b.io/dge/top-gene-disease-gtex-diff-exp/plot?efoId=EFO_1000151&rankGenesBy=cgc_pmtl_gene_up_reg_rank&includeBoxplot=false&boxplotYAxisScale=log10' successfully

2023-06-22 09:58:26 - [MESSAGE][PASSED] - Navigate to 'https://openpedcan-api-qa.d3b.io/dge/top-gene-disease-gtex-diff-exp/plot?efoId=EFO_1000151&rankGenesBy=cgc_pmtl_gene_up_reg_rank&includeBoxplot=false&boxplotYAxisScale=log10' successfully

2023-06-22 09:58:26 - [TEST_STEP][PASSED] - Thread.sleep(5000): null

2023-06-22 09:58:31 - [TEST_STEP][PASSED] - takeFullPageScreenshotAsCheckpoint(td.getObjectValue("testName", i)): Taking screenshot successfully

2023-06-22 09:58:32 - [MESSAGE][INFO] - 0 hidden object(s)

2023-06-22 09:58:32 - [MESSAGE][PASSED] - Taking screenshot successfully
[[ATTACHMENT|keyes\keyes-disease_EFO_1000151_top_gene_disease_gtex_diff_exp_cgc_pmtl_gene_up_reg_rank_box_false.png]]

2023-06-22 09:58:32 - [TEST_STEP][PASSED] - closeBrowser(): Browser is closed

2023-06-22 09:58:33 - [MESSAGE][PASSED] - Browser is closed]]></system-out>
         <system-err><![CDATA[]]></system-err>
      </testcase>
      <system-out><![CDATA[2023-06-22 09:54:58 - [TEST_SUITE][PASSED] - MTPAPI_chop1: Test Cases/MTP_1]]></system-out>
      <system-err><![CDATA[]]></system-err>
   </testsuite>
</testsuites>
